#
# There is insufficient memory for the Java Runtime Environment to continue.
# Native memory allocation (mmap) failed to map 132120576 bytes for G1 virtual space
# Possible reasons:
#   The system is out of physical RAM or swap space
#   The process is running with CompressedOops enabled, and the Java Heap may be blocking the growth of the native heap
# Possible solutions:
#   Reduce memory load on the system
#   Increase physical memory or swap space
#   Check if swap backing store is full
#   Decrease Java heap size (-Xmx/-Xms)
#   Decrease number of Java threads
#   Decrease Java thread stack sizes (-Xss)
#   Set larger code cache with -XX:ReservedCodeCacheSize=
#   JVM is running with Unscaled Compressed Oops mode in which the Java heap is
#     placed in the first 4GB address space. The Java Heap base address is the
#     maximum limit for the native heap growth. Please use -XX:HeapBaseMinAddress
#     to set the Java Heap base and to place the Java Heap above 4GB virtual address.
# This output file may be truncated or incomplete.
#
#  Out of Memory Error (os_windows.cpp:3469), pid=22416, tid=12084
#
# JRE version:  (17.0+35) (build )
# Java VM: Java HotSpot(TM) 64-Bit Server VM (17+35-LTS-2724, mixed mode, sharing, tiered, compressed oops, compressed class ptrs, g1 gc, windows-amd64)
# No core dump will be written. Minidumps are not enabled by default on client versions of Windows
#

---------------  S U M M A R Y ------------

Command Line: -Dclassworlds.conf=C:\apache-maven-3.9.9\bin\m2.conf -Dmaven.home=C:\apache-maven-3.9.9 -Dlibrary.jansi.path=C:\apache-maven-3.9.9\lib\jansi-native -Dmaven.multiModuleProjectDirectory=d:\thunghiem\demo\demo org.codehaus.plexus.classworlds.launcher.Launcher --version

Host: Intel(R) Core(TM) i5-10210U CPU @ 1.60GHz, 8 cores, 7G,  Windows 10 , 64 bit Build 22621 (10.0.22621.4391)
Time: Sun Dec 22 20:34:59 2024 SE Asia Standard Time elapsed time: 0.021913 seconds (0d 0h 0m 0s)

---------------  T H R E A D  ---------------

Current thread (0x000002723438add0):  JavaThread "Unknown thread" [_thread_in_vm, id=12084, stack(0x000000bc63e00000,0x000000bc63f00000)]

Stack: [0x000000bc63e00000,0x000000bc63f00000]
Native frames: (J=compiled Java code, j=interpreted, Vv=VM code, C=native code)
V  [jvm.dll+0x66f8ea]
V  [jvm.dll+0x7ce224]
V  [jvm.dll+0x7cf9ce]
V  [jvm.dll+0x7d0033]
V  [jvm.dll+0x242bb5]
V  [jvm.dll+0x66c909]
V  [jvm.dll+0x6613d2]
V  [jvm.dll+0x30082b]
V  [jvm.dll+0x307db6]
V  [jvm.dll+0x357a0e]
V  [jvm.dll+0x357c3f]
V  [jvm.dll+0x2d7ae8]
V  [jvm.dll+0x2d8a54]
V  [jvm.dll+0x7a00a1]
V  [jvm.dll+0x365781]
V  [jvm.dll+0x77f59c]
V  [jvm.dll+0x3e805f]
V  [jvm.dll+0x3e9b01]
C  [jli.dll+0x527b]
C  [ucrtbase.dll+0x29333]
C  [KERNEL32.DLL+0x1259d]
C  [ntdll.dll+0x5af38]


---------------  P R O C E S S  ---------------

Threads class SMR info:
_java_thread_list=0x00007ffa4c607818, length=0, elements={
}

Java Threads: ( => current thread )

Other Threads:
  0x0000027236408f30 GCTaskThread "GC Thread#0" [stack: 0x000000bc63f00000,0x000000bc64000000] [id=1736]
  0x00000272364199f0 ConcurrentGCThread "G1 Main Marker" [stack: 0x000000bc64000000,0x000000bc64100000] [id=8428]
  0x000002723641aba0 ConcurrentGCThread "G1 Conc#0" [stack: 0x000000bc64100000,0x000000bc64200000] [id=1612]

[error occurred during error reporting (printing all threads), id 0xc0000005, EXCEPTION_ACCESS_VIOLATION (0xc0000005) at pc=0x00007ffa4be584c7]

VM state: not at safepoint (not fully initialized)

VM Mutex/Monitor currently owned by a thread:  ([mutex/lock_event])
[0x00000272363c80a0] Heap_lock - owner thread: 0x000002723438add0

Heap address: 0x0000000082400000, size: 2012 MB, Compressed Oops mode: 32-bit

CDS archive(s) mapped at: [0x0000000000000000-0x0000000000000000-0x0000000000000000), size 0, SharedBaseAddress: 0x0000000800000000, ArchiveRelocationMode: 0.
Narrow klass base: 0x0000000000000000, Narrow klass shift: 0, Narrow klass range: 0x0

GC Precious Log:
<Empty>

Heap:
 garbage-first heap   total 0K, used 0K [0x0000000082400000, 0x0000000100000000)
  region size 1024K, 0 young (0K), 0 survivors (0K)

[error occurred during error reporting (printing heap information), id 0xc0000005, EXCEPTION_ACCESS_VIOLATION (0xc0000005) at pc=0x00007ffa4c238c59]

GC Heap History (0 events):
No events

Deoptimization events (0 events):
No events

Classes unloaded (0 events):
No events

Classes redefined (0 events):
No events

Internal exceptions (0 events):
No events

VM Operations (0 events):
No events

Events (1 events):
Event: 0.014 Loaded shared library C:\Program Files\Java\jdk-17\bin\java.dll


Dynamic libraries:
0x00007ff6654f0000 - 0x00007ff665500000 	C:\Program Files\Java\jdk-17\bin\java.exe
0x00007ffaf3f70000 - 0x00007ffaf4187000 	C:\WINDOWS\SYSTEM32\ntdll.dll
0x00007ffaf22c0000 - 0x00007ffaf2384000 	C:\WINDOWS\System32\KERNEL32.DLL
0x00007ffaf1580000 - 0x00007ffaf193a000 	C:\WINDOWS\System32\KERNELBASE.dll
0x00007ffaf1460000 - 0x00007ffaf1571000 	C:\WINDOWS\System32\ucrtbase.dll
0x00007ffae0aa0000 - 0x00007ffae0aba000 	C:\Program Files\Java\jdk-17\bin\VCRUNTIME140.dll
0x00007ffaec400000 - 0x00007ffaec418000 	C:\Program Files\Java\jdk-17\bin\jli.dll
0x00007ffaf1da0000 - 0x00007ffaf1e52000 	C:\WINDOWS\System32\ADVAPI32.dll
0x00007ffaf2ff0000 - 0x00007ffaf3097000 	C:\WINDOWS\System32\msvcrt.dll
0x00007ffaf3e80000 - 0x00007ffaf3f27000 	C:\WINDOWS\System32\sechost.dll
0x00007ffaf1a00000 - 0x00007ffaf1a28000 	C:\WINDOWS\System32\bcrypt.dll
0x00007ffaf1c70000 - 0x00007ffaf1d84000 	C:\WINDOWS\System32\RPCRT4.dll
0x00007ffaf1e60000 - 0x00007ffaf200e000 	C:\WINDOWS\System32\USER32.dll
0x00007ffaf1240000 - 0x00007ffaf1266000 	C:\WINDOWS\System32\win32u.dll
0x00007ffadda20000 - 0x00007ffaddcb2000 	C:\WINDOWS\WinSxS\amd64_microsoft.windows.common-controls_6595b64144ccf1df_6.0.22621.4541_none_2710d1c57384c085\COMCTL32.dll
0x00007ffaf2010000 - 0x00007ffaf2039000 	C:\WINDOWS\System32\GDI32.dll
0x00007ffaf1a30000 - 0x00007ffaf1b4b000 	C:\WINDOWS\System32\gdi32full.dll
0x00007ffaf1b50000 - 0x00007ffaf1bea000 	C:\WINDOWS\System32\msvcp_win.dll
0x00007ffaeacb0000 - 0x00007ffaeacba000 	C:\WINDOWS\SYSTEM32\VERSION.dll
0x00007ffaf3340000 - 0x00007ffaf3371000 	C:\WINDOWS\System32\IMM32.DLL
0x00007ffaec5c0000 - 0x00007ffaec5cc000 	C:\Program Files\Java\jdk-17\bin\vcruntime140_1.dll
0x00007ffae0a10000 - 0x00007ffae0a9d000 	C:\Program Files\Java\jdk-17\bin\msvcp140.dll
0x00007ffa4bb70000 - 0x00007ffa4c72e000 	C:\Program Files\Java\jdk-17\bin\server\jvm.dll
0x00007ffaf3380000 - 0x00007ffaf3388000 	C:\WINDOWS\System32\PSAPI.DLL
0x00007ffae9940000 - 0x00007ffae9974000 	C:\WINDOWS\SYSTEM32\WINMM.dll
0x00007ffad90c0000 - 0x00007ffad90c9000 	C:\WINDOWS\SYSTEM32\WSOCK32.dll
0x00007ffaf32c0000 - 0x00007ffaf3331000 	C:\WINDOWS\System32\WS2_32.dll
0x00007ffaf0240000 - 0x00007ffaf0258000 	C:\WINDOWS\SYSTEM32\kernel.appcore.dll
0x00007ffadb6c0000 - 0x00007ffadb6ca000 	C:\Program Files\Java\jdk-17\bin\jimage.dll
0x00007ffaeea20000 - 0x00007ffaeec52000 	C:\WINDOWS\SYSTEM32\DBGHELP.DLL
0x00007ffaf2970000 - 0x00007ffaf2cff000 	C:\WINDOWS\System32\combase.dll
0x00007ffaf2810000 - 0x00007ffaf28e7000 	C:\WINDOWS\System32\OLEAUT32.dll
0x00007ffadba10000 - 0x00007ffadba42000 	C:\WINDOWS\SYSTEM32\dbgcore.DLL
0x00007ffaf1bf0000 - 0x00007ffaf1c6b000 	C:\WINDOWS\System32\bcryptPrimitives.dll
0x00007ffa9a660000 - 0x00007ffa9a685000 	C:\Program Files\Java\jdk-17\bin\java.dll

dbghelp: loaded successfully - version: 4.0.5 - missing functions: none
symbol engine: initialized successfully - sym options: 0x614 - pdb path: .;C:\Program Files\Java\jdk-17\bin;C:\WINDOWS\SYSTEM32;C:\WINDOWS\WinSxS\amd64_microsoft.windows.common-controls_6595b64144ccf1df_6.0.22621.4541_none_2710d1c57384c085;C:\Program Files\Java\jdk-17\bin\server

VM Arguments:
jvm_args: -Dclassworlds.conf=C:\apache-maven-3.9.9\bin\m2.conf -Dmaven.home=C:\apache-maven-3.9.9 -Dlibrary.jansi.path=C:\apache-maven-3.9.9\lib\jansi-native -Dmaven.multiModuleProjectDirectory=d:\thunghiem\demo\demo 
java_command: org.codehaus.plexus.classworlds.launcher.Launcher --version
java_class_path (initial): C:\apache-maven-3.9.9\boot\plexus-classworlds-2.8.0.jar
Launcher Type: SUN_STANDARD

[Global flags]
     intx CICompilerCount                          = 4                                         {product} {ergonomic}
     uint ConcGCThreads                            = 2                                         {product} {ergonomic}
     uint G1ConcRefinementThreads                  = 8                                         {product} {ergonomic}
   size_t G1HeapRegionSize                         = 1048576                                   {product} {ergonomic}
    uintx GCDrainStackTargetSize                   = 64                                        {product} {ergonomic}
   size_t InitialHeapSize                          = 132120576                                 {product} {ergonomic}
   size_t MarkStackSize                            = 4194304                                   {product} {ergonomic}
   size_t MaxHeapSize                              = 2109734912                                {product} {ergonomic}
   size_t MinHeapDeltaBytes                        = 1048576                                   {product} {ergonomic}
   size_t MinHeapSize                              = 8388608                                   {product} {ergonomic}
    uintx NonNMethodCodeHeapSize                   = 5839372                                {pd product} {ergonomic}
    uintx NonProfiledCodeHeapSize                  = 122909434                              {pd product} {ergonomic}
    uintx ProfiledCodeHeapSize                     = 122909434                              {pd product} {ergonomic}
    uintx ReservedCodeCacheSize                    = 251658240                              {pd product} {ergonomic}
     bool SegmentedCodeCache                       = true                                      {product} {ergonomic}
   size_t SoftMaxHeapSize                          = 2109734912                             {manageable} {ergonomic}
     bool UseCompressedClassPointers               = true                           {product lp64_product} {ergonomic}
     bool UseCompressedOops                        = true                           {product lp64_product} {ergonomic}
     bool UseG1GC                                  = true                                      {product} {ergonomic}
     bool UseLargePagesIndividualAllocation        = false                                  {pd product} {ergonomic}

Logging:
Log output configuration:
 #0: stdout all=warning uptime,level,tags
 #1: stderr all=off uptime,level,tags

Environment Variables:
JAVA_HOME=C:\Program Files\Java\jdk-17
CLASSPATH=C:\Program Files\Java\jdk-17\lib
PATH=C:\Program Files (x86)\VMware\VMware Workstation\bin\;C:\Program Files\Common Files\Oracle\Java\javapath;C:\Program Files\Microsoft MPI\Bin\;C:\WINDOWS\system32;C:\WINDOWS;C:\WINDOWS\System32\Wbem;C:\WINDOWS\System32\WindowsPowerShell\v1.0\;C:\WINDOWS\System32\OpenSSH\;C:\Program Files (x86)\Microsoft SQL Server\130\Tools\Binn\;C:\Program Files\Microsoft SQL Server\130\Tools\Binn\;C:\Program Files (x86)\Microsoft SQL Server\130\DTS\Binn\;C:\Program Files\Microsoft SQL Server\130\DTS\Binn\;C:\Program Files\Microsoft SQL Server\Client SDK\ODBC\130\Tools\Binn\;C:\Program Files (x86)\Microsoft SQL Server\Client SDK\ODBC\130\Tools\Binn\;C:\Program Files (x86)\Microsoft SQL Server\140\Tools\Binn\;C:\Program Files (x86)\Microsoft SQL Server\140\DTS\Binn\;C:\Program Files (x86)\Microsoft SQL Server\140\Tools\Binn\ManagementStudio\;C:\Program Files (x86)\mingw-w64\i686-8.1.0-posix-dwarf-rt_v6-rev0\mingw32\bin;C:\xampp\htdocs\PHPWeb2;C:\Users\mxuan\Downloads\apache-maven-3.9.1-bin\apache-maven-3.9.1;C:\Users\mxuan\Downloads\apache-maven-3.9.1-bin\apache-maven-3.9.1\bin;C:\xampp\php;C:\composer;C:\Program Files\Java\jdk-17.0.1\bin;C:\Program Files\Git\cmd;C:\Users\mxuan\AppData\Roaming\nvm;C:\Program Files\nodejs;C:\APKTool;C:\Program Files\Java\jdk-21\bin;C:\Program Files\Docker\Docker\resources\bin;C:\Program Files\Microsoft SQL Server\150\Tools\Binn\;C:\Program Files\Microsoft SQL Server\Client SDK\ODBC\170\Tools\Binn\;C:\Program Files\dotnet\;C:\apache-maven-3.9.9\bin;C:\Program Files\Java\jdk-17\bin;D:\Downloads\mongosh-2.3.4-win32-x64\mongosh-2.3.4-win32-x64\bin;C:\Users\mxuan\AppData\Local\Programs\Python\Python38\Scripts\;C:\Users\mxuan\AppData\Local\Programs\Python\Python38\;C:\Program Files\Java\jdk-17\bin;C:\Users\mxuan\AppData\Local\Programs\Microsoft VS Code\bin;C:\Users\mxuan\AppData\Local\Microsoft\WindowsApps;C:\Users\mxuan\AppData\Local\GitHubDesktop\bin;C:\Users\mxuan\AppData\Roaming\Composer\vendor\bin;C:\Program Files\JetBrains\IntelliJ IDEA 2022.2.4\bin;
USERNAME=mxuan
OS=Windows_NT
PROCESSOR_IDENTIFIER=Intel64 Family 6 Model 142 Stepping 12, GenuineIntel



---------------  S Y S T E M  ---------------

OS:
 Windows 10 , 64 bit Build 22621 (10.0.22621.4391)
OS uptime: 0 days 3:40 hours
Hyper-V role detected

CPU: total 8 (initial active 8) (4 cores per cpu, 2 threads per core) family 6 model 142 stepping 12 microcode 0xde, cx8, cmov, fxsr, ht, mmx, 3dnowpref, sse, sse2, sse3, ssse3, sse4.1, sse4.2, popcnt, lzcnt, tsc, tscinvbit, avx, avx2, aes, erms, clmul, bmi1, bmi2, adx, fma, vzeroupper, clflush, clflushopt, hv

Memory: 4k page, system-wide physical 8043M (514M free)
TotalPageFile size 13037M (AvailPageFile size 10M)
current process WorkingSet (physical memory assigned to process): 11M, peak: 11M
current process commit charge ("private bytes"): 60M, peak: 186M

vm_info: Java HotSpot(TM) 64-Bit Server VM (17+35-LTS-2724) for windows-amd64 JRE (17+35-LTS-2724), built on Aug  5 2021 23:28:28 by "mach5one" with MS VC++ 16.8 (VS2019)

END.
